2019-03-14 13:38:26 InputStreamConverter - Converting input streams...
2019-03-14 13:38:29 InputStreamConverter - Ontology IRI is anonymous. Use loaded URI/IRI instead.
2019-03-14 13:38:29 InputStreamConverter - Ontologies loaded! Main Ontology: Anonymous
2019-03-14 13:57:23 InputStreamConverter - Converting input streams...
2019-03-14 13:57:25 InputStreamConverter - Ontology IRI is anonymous. Use loaded URI/IRI instead.
2019-03-14 13:57:25 InputStreamConverter - Ontologies loaded! Main Ontology: Anonymous
2019-03-14 13:59:56 InputStreamConverter - Converting input streams...
2019-03-14 13:59:57 InputStreamConverter - Ontology IRI is anonymous. Use loaded URI/IRI instead.
2019-03-14 13:59:57 InputStreamConverter - Ontologies loaded! Main Ontology: Anonymous
2019-03-14 14:00:13 InputStreamConverter - Converting input streams...
2019-03-14 14:00:15 InputStreamConverter - Ontology IRI is anonymous. Use loaded URI/IRI instead.
2019-03-14 14:00:15 InputStreamConverter - Ontologies loaded! Main Ontology: Anonymous
2019-03-14 14:00:55 InputStreamConverter - Converting input streams...
2019-03-14 14:00:57 InputStreamConverter - Ontology IRI is anonymous. Use loaded URI/IRI instead.
2019-03-14 14:00:57 InputStreamConverter - Ontologies loaded! Main Ontology: Anonymous
2019-03-14 14:08:44 InputStreamConverter - Converting input streams...
2019-03-14 14:08:45 InputStreamConverter - Ontology IRI is anonymous. Use loaded URI/IRI instead.
2019-03-14 14:08:45 InputStreamConverter - Ontologies loaded! Main Ontology: Anonymous
2019-03-14 14:14:14 InputStreamConverter - Converting input streams...
2019-03-14 14:14:15 InputStreamConverter - Ontology IRI is anonymous. Use loaded URI/IRI instead.
2019-03-14 14:14:15 InputStreamConverter - Ontologies loaded! Main Ontology: Anonymous
2019-03-14 14:15:28 InputStreamConverter - Converting input streams...
2019-03-14 14:15:31 InputStreamConverter - Ontology IRI is anonymous. Use loaded URI/IRI instead.
2019-03-14 14:15:31 InputStreamConverter - Ontologies loaded! Main Ontology: Anonymous
2019-03-14 14:19:43 InputStreamConverter - Converting input streams...
2019-03-14 14:19:47 InputStreamConverter - Ontology IRI is anonymous. Use loaded URI/IRI instead.
2019-03-14 14:19:47 InputStreamConverter - Ontologies loaded! Main Ontology: Anonymous
2019-03-14 14:20:40 InputStreamConverter - Converting input streams...
2019-03-14 14:20:41 InputStreamConverter - Ontology IRI is anonymous. Use loaded URI/IRI instead.
2019-03-14 14:20:41 InputStreamConverter - Ontologies loaded! Main Ontology: Anonymous
2019-03-14 14:23:12 InputStreamConverter - Converting input streams...
2019-03-14 14:23:14 InputStreamConverter - Ontology IRI is anonymous. Use loaded URI/IRI instead.
2019-03-14 14:23:14 InputStreamConverter - Ontologies loaded! Main Ontology: Anonymous
2019-03-14 14:23:43 InputStreamConverter - Converting input streams...
2019-03-14 14:23:44 InputStreamConverter - Ontology IRI is anonymous. Use loaded URI/IRI instead.
2019-03-14 14:23:44 InputStreamConverter - Ontologies loaded! Main Ontology: Anonymous
2019-03-14 14:25:30 InputStreamConverter - Converting input streams...
2019-03-14 14:25:34 InputStreamConverter - Ontology IRI is anonymous. Use loaded URI/IRI instead.
2019-03-14 14:25:34 InputStreamConverter - Ontologies loaded! Main Ontology: Anonymous
2019-03-14 14:26:24 InputStreamConverter - Converting input streams...
2019-03-14 14:26:25 InputStreamConverter - Ontology IRI is anonymous. Use loaded URI/IRI instead.
2019-03-14 14:26:25 InputStreamConverter - Ontologies loaded! Main Ontology: Anonymous
2019-03-14 14:30:00 InputStreamConverter - Converting input streams...
2019-03-14 14:30:03 InputStreamConverter - Ontology IRI is anonymous. Use loaded URI/IRI instead.
2019-03-14 14:30:03 InputStreamConverter - Ontologies loaded! Main Ontology: Anonymous
2019-03-14 14:31:07 InputStreamConverter - Converting input streams...
2019-03-14 14:31:10 InputStreamConverter - Ontology IRI is anonymous. Use loaded URI/IRI instead.
2019-03-14 14:31:10 InputStreamConverter - Ontologies loaded! Main Ontology: Anonymous
2019-03-14 14:31:48 InputStreamConverter - Converting input streams...
2019-03-14 14:31:51 InputStreamConverter - Ontology IRI is anonymous. Use loaded URI/IRI instead.
2019-03-14 14:31:51 InputStreamConverter - Ontologies loaded! Main Ontology: Anonymous
2019-03-14 14:44:01 InputStreamConverter - Converting input streams...
2019-03-14 14:44:04 InputStreamConverter - Ontology IRI is anonymous. Use loaded URI/IRI instead.
2019-03-14 14:44:04 InputStreamConverter - Ontologies loaded! Main Ontology: Anonymous
2019-03-14 14:45:21 InputStreamConverter - Converting input streams...
2019-03-14 14:45:23 InputStreamConverter - Ontology IRI is anonymous. Use loaded URI/IRI instead.
2019-03-14 14:45:23 InputStreamConverter - Ontologies loaded! Main Ontology: Anonymous
2019-03-14 14:49:12 InputStreamConverter - Converting input streams...
2019-03-14 14:49:14 InputStreamConverter - Ontology IRI is anonymous. Use loaded URI/IRI instead.
2019-03-14 14:49:14 InputStreamConverter - Ontologies loaded! Main Ontology: Anonymous
2019-03-14 14:49:55 InputStreamConverter - Converting input streams...
2019-03-14 14:49:59 InputStreamConverter - Ontology IRI is anonymous. Use loaded URI/IRI instead.
2019-03-14 14:49:59 InputStreamConverter - Ontologies loaded! Main Ontology: Anonymous
2019-03-14 15:50:37 InputStreamConverter - Converting input streams...
2019-03-14 15:50:40 InputStreamConverter - Ontology IRI is anonymous. Use loaded URI/IRI instead.
2019-03-14 15:50:40 InputStreamConverter - Ontologies loaded! Main Ontology: Anonymous
2019-03-14 15:52:54 InputStreamConverter - Converting input streams...
2019-03-14 15:52:56 InputStreamConverter - Ontology IRI is anonymous. Use loaded URI/IRI instead.
2019-03-14 15:52:56 InputStreamConverter - Ontologies loaded! Main Ontology: Anonymous
2019-03-14 15:56:18 InputStreamConverter - Converting input streams...
2019-03-14 15:56:21 InputStreamConverter - Ontology IRI is anonymous. Use loaded URI/IRI instead.
2019-03-14 15:56:21 InputStreamConverter - Ontologies loaded! Main Ontology: Anonymous
2019-03-14 15:56:47 InputStreamConverter - Converting input streams...
2019-03-14 15:56:49 InputStreamConverter - Ontology IRI is anonymous. Use loaded URI/IRI instead.
2019-03-14 15:56:49 InputStreamConverter - Ontologies loaded! Main Ontology: Anonymous
2019-03-14 15:58:57 InputStreamConverter - Converting input streams...
2019-03-14 15:59:00 InputStreamConverter - Ontology IRI is anonymous. Use loaded URI/IRI instead.
2019-03-14 15:59:00 InputStreamConverter - Ontologies loaded! Main Ontology: Anonymous
2019-03-14 16:10:22 InputStreamConverter - Converting input streams...
2019-03-14 16:10:24 InputStreamConverter - Ontology IRI is anonymous. Use loaded URI/IRI instead.
2019-03-14 16:10:24 InputStreamConverter - Ontologies loaded! Main Ontology: Anonymous
2019-03-14 16:16:22 InputStreamConverter - Converting input streams...
2019-03-14 16:16:23 InputStreamConverter - Ontology IRI is anonymous. Use loaded URI/IRI instead.
2019-03-14 16:16:23 InputStreamConverter - Ontologies loaded! Main Ontology: Anonymous
2019-03-14 16:17:55 InputStreamConverter - Converting input streams...
2019-03-14 16:17:57 InputStreamConverter - Ontology IRI is anonymous. Use loaded URI/IRI instead.
2019-03-14 16:17:57 InputStreamConverter - Ontologies loaded! Main Ontology: Anonymous
2019-03-14 16:22:08 InputStreamConverter - Converting input streams...
2019-03-14 16:22:11 InputStreamConverter - Ontology IRI is anonymous. Use loaded URI/IRI instead.
2019-03-14 16:22:11 InputStreamConverter - Ontologies loaded! Main Ontology: Anonymous
2019-03-14 16:23:08 InputStreamConverter - Converting input streams...
2019-03-14 16:23:10 InputStreamConverter - Ontology IRI is anonymous. Use loaded URI/IRI instead.
2019-03-14 16:23:10 InputStreamConverter - Ontologies loaded! Main Ontology: Anonymous
2019-03-14 16:44:03 InputStreamConverter - Converting input streams...
2019-03-14 16:44:06 InputStreamConverter - Ontology IRI is anonymous. Use loaded URI/IRI instead.
2019-03-14 16:44:06 InputStreamConverter - Ontologies loaded! Main Ontology: Anonymous
2019-03-14 16:52:04 InputStreamConverter - Converting input streams...
2019-03-14 16:52:06 InputStreamConverter - Ontologies loaded! Main Ontology: http://opcfoundation.org/UA/#
2019-03-14 16:53:53 InputStreamConverter - Converting input streams...
2019-03-14 16:53:55 InputStreamConverter - Ontologies loaded! Main Ontology: http://opcfoundation.org/UA/#
2019-03-14 17:01:18 InputStreamConverter - Converting input streams...
2019-03-14 17:01:21 InputStreamConverter - Ontologies loaded! Main Ontology: http://purl.obolibrary.org/obo/TEMP
2019-03-14 17:01:54 InputStreamConverter - Converting input streams...
2019-03-14 17:01:57 InputStreamConverter - Ontologies loaded! Main Ontology: http://opcfoundation.org/UA/#
2019-03-14 17:03:08 InputStreamConverter - Converting input streams...
2019-03-14 17:03:11 InputStreamConverter - Ontologies loaded! Main Ontology: http://purl.obolibrary.org/obo/TEMP
2019-03-14 17:11:13 InputStreamConverter - Converting input streams...
2019-03-14 17:11:15 InputStreamConverter - Ontologies loaded! Main Ontology: http://purl.obolibrary.org/obo/TEMP
2019-03-14 17:11:26 InputStreamConverter - Converting input streams...
2019-03-14 17:11:28 InputStreamConverter - Ontologies loaded! Main Ontology: http://opcfoundation.org/UA/#
2019-03-14 17:13:21 InputStreamConverter - Converting input streams...
2019-03-14 17:13:23 InputStreamConverter - Ontologies loaded! Main Ontology: http://opcfoundation.org/UA/#
2019-03-14 17:13:44 InputStreamConverter - Converting input streams...
2019-03-14 17:13:46 InputStreamConverter - Ontologies loaded! Main Ontology: http://opcfoundation.org/UA/#
2019-03-14 17:20:04 InputStreamConverter - Converting input streams...
2019-03-14 17:20:07 InputStreamConverter - Ontologies loaded! Main Ontology: http://opcfoundation.org/UA/#
2019-03-14 17:20:32 InputStreamConverter - Converting input streams...
2019-03-14 17:20:35 InputStreamConverter - Ontologies loaded! Main Ontology: http://opcfoundation.org/UA/#
2019-03-14 17:21:14 InputStreamConverter - Converting input streams...
2019-03-14 17:21:17 InputStreamConverter - Ontologies loaded! Main Ontology: http://purl.obolibrary.org/obo/TEMP
2019-03-14 17:34:48 InputStreamConverter - Converting input streams...
2019-03-14 17:34:50 InputStreamConverter - Ontologies loaded! Main Ontology: http://opcfoundation.org/UA/#
2019-03-14 17:40:42 InputStreamConverter - Converting input streams...
2019-03-14 17:40:44 InputStreamConverter - Ontologies loaded! Main Ontology: http://opcfoundation.org/UA/#
2019-03-14 17:41:16 InputStreamConverter - Converting input streams...
2019-03-14 17:41:19 InputStreamConverter - Ontologies loaded! Main Ontology: http://opcfoundation.org/UA/#
2019-03-14 17:42:44 InputStreamConverter - Converting input streams...
2019-03-14 17:44:30 InputStreamConverter - Converting input streams...
2019-03-14 17:44:33 InputStreamConverter - Ontologies loaded! Main Ontology: http://opcfoundation.org/UA/#
2019-03-14 17:45:02 InputStreamConverter - Converting input streams...
2019-03-14 17:45:05 InputStreamConverter - Ontologies loaded! Main Ontology: http://opcfoundation.org/UA/#
2019-03-14 17:48:54 InputStreamConverter - Converting input streams...
2019-03-14 17:48:58 InputStreamConverter - Ontologies loaded! Main Ontology: http://opcfoundation.org/UA/#
2019-03-14 17:56:04 InputStreamConverter - Converting input streams...
2019-03-14 17:56:06 InputStreamConverter - Ontologies loaded! Main Ontology: http://opcfoundation.org/UA/#
2019-03-14 18:09:33 InputStreamConverter - Converting input streams...
2019-03-14 18:09:35 InputStreamConverter - Ontologies loaded! Main Ontology: http://opcfoundation.org/UA/#
2019-03-14 18:11:16 InputStreamConverter - Converting input streams...
2019-03-14 18:11:18 InputStreamConverter - Ontologies loaded! Main Ontology: http://opcfoundation.org/UA/#
2019-03-14 18:16:29 InputStreamConverter - Converting input streams...
2019-03-14 18:16:31 InputStreamConverter - Ontologies loaded! Main Ontology: http://opcfoundation.org/UA/#
2019-03-14 18:18:00 InputStreamConverter - Converting input streams...
2019-03-14 18:18:02 InputStreamConverter - Ontologies loaded! Main Ontology: http://opcfoundation.org/UA/#
2019-03-14 18:19:45 InputStreamConverter - Converting input streams...
2019-03-14 18:19:47 InputStreamConverter - Ontologies loaded! Main Ontology: http://opcfoundation.org/UA/#
2019-03-14 18:24:56 InputStreamConverter - Converting input streams...
2019-03-14 18:24:59 InputStreamConverter - Ontologies loaded! Main Ontology: http://opcfoundation.org/UA/#
2019-03-14 18:51:02 InputStreamConverter - Converting input streams...
2019-03-14 18:51:05 InputStreamConverter - Ontologies loaded! Main Ontology: http://opcfoundation.org/UA/#
2019-03-14 18:51:31 InputStreamConverter - Converting input streams...
2019-03-14 18:51:34 InputStreamConverter - Ontologies loaded! Main Ontology: http://opcfoundation.org/UA/#
2019-03-14 18:52:37 InputStreamConverter - Converting input streams...
2019-03-14 18:52:40 InputStreamConverter - Ontologies loaded! Main Ontology: http://opcfoundation.org/UA/#
